<beans xmlns="http://www.springframework.org/schema/beans"
	xmlns:xsi="http://www.w3.org/2001/XMLSchema-instance" 
	xmlns:context="http://www.springframework.org/schema/context"
	xmlns:util="http://www.springframework.org/schema/util"
	xmlns:elasticsearch="http://www.pilato.fr/schema/elasticsearch"
	xsi:schemaLocation="http://www.springframework.org/schema/beans
	http://www.springframework.org/schema/beans/spring-beans-3.0.xsd 
	http://www.springframework.org/schema/context
	http://www.springframework.org/schema/context/spring-context-3.0.xsd
	http://www.pilato.fr/schema/elasticsearch 
	http://www.pilato.fr/schema/elasticsearch/elasticsearch-0.1.xsd">
 

  <context:annotation-config />

  <bean id="restTemplate" class="org.springframework.web.client.RestTemplate">
    <property name="messageConverters">
      <list>
        <bean class="org.springframework.http.converter.json.MappingJacksonHttpMessageConverter">
        </bean>
        <bean class="org.springframework.http.converter.xml.SourceHttpMessageConverter"/>
      </list>
    </property>
  </bean>

  <context:component-scan base-package="com.clearboxmedia.couchspring.test.spring" />

  <!--
  <bean id="testDataLoader" class="com.clearboxmedia.springcouch.test.spring.CouchDbLoader" />
  -->
  
</beans>